<?xml version="1.0" encoding="UTF-8"?>
<testsuite name="com.mjc.school.service.NewsModelServiceTest" tests="9" skipped="0" failures="0" errors="0" timestamp="2023-01-26T12:33:17" hostname="DESKTOP-E33MI32" time="1.627">
  <properties/>
  <testcase name="shouldReturnAddedObjectIfValuesAreCorrect()" classname="com.mjc.school.service.NewsModelServiceTest" time="1.567"/>
  <testcase name="shouldReturnTrueIfNewsWasSuccessfullyRemoved()" classname="com.mjc.school.service.NewsModelServiceTest" time="0.006"/>
  <testcase name="shouldReturnNewsDTOObjectWithGivenId()" classname="com.mjc.school.service.NewsModelServiceTest" time="0.005"/>
  <testcase name="shouldThrowExceptionWhenThereIsNoNewsWithSpecificId()" classname="com.mjc.school.service.NewsModelServiceTest" time="0.006"/>
  <testcase name="shouldThrowExceptionWhenRemovingNonExistingNews()" classname="com.mjc.school.service.NewsModelServiceTest" time="0.005"/>
  <testcase name="shouldReturnAListOfAllNews()" classname="com.mjc.school.service.NewsModelServiceTest" time="0.006"/>
  <testcase name="shouldThrowExceptionWhenUpdatedValuesAreIncorrect()" classname="com.mjc.school.service.NewsModelServiceTest" time="0.006"/>
  <testcase name="shouldThrowExceptionIfValuesAreIncorrect()" classname="com.mjc.school.service.NewsModelServiceTest" time="0.004"/>
  <testcase name="shouldUpdateNewsWithGivenIdWhenValuesOfTitleAndContentAreCorrect()" classname="com.mjc.school.service.NewsModelServiceTest" time="0.005"/>
  <system-out><![CDATA[]]></system-out>
  <system-err><![CDATA[]]></system-err>
</testsuite>
