<?xml version="1.0" encoding="UTF-8"?>
<testsuite name="com.mjc.school.service.NewsModelServiceTest" tests="9" skipped="0" failures="0" errors="0" timestamp="2023-01-04T17:18:48" hostname="DESKTOP-E33MI32" time="0.207">
  <properties/>
  <testcase name="shouldReturnAddedObjectIfValuesAreCorrect()" classname="com.mjc.school.service.NewsModelServiceTest" time="0.147"/>
  <testcase name="shouldReturnTrueIfNewsWasSuccessfullyRemoved()" classname="com.mjc.school.service.NewsModelServiceTest" time="0.018"/>
  <testcase name="shouldUpdateNewsWithGivenIdWhenValuesOfTiteAndContentAreCorrect()" classname="com.mjc.school.service.NewsModelServiceTest" time="0.005"/>
  <testcase name="shouldReturnNewsDTOObjectWithGivenId()" classname="com.mjc.school.service.NewsModelServiceTest" time="0.003"/>
  <testcase name="shouldThrowExceptionWhenThereIsNoNewsWithSpecificId()" classname="com.mjc.school.service.NewsModelServiceTest" time="0.007"/>
  <testcase name="shouldThrowExceptionWhenRemovingNonExistingNews()" classname="com.mjc.school.service.NewsModelServiceTest" time="0.003"/>
  <testcase name="shouldReturnAListOfAllNews()" classname="com.mjc.school.service.NewsModelServiceTest" time="0.002"/>
  <testcase name="shouldThrowExceptionWhenUpdatedValuesAreIncorrect()" classname="com.mjc.school.service.NewsModelServiceTest" time="0.002"/>
  <testcase name="shouldThrowExceptionIfValuesAreIncorrect()" classname="com.mjc.school.service.NewsModelServiceTest" time="0.002"/>
  <system-out><![CDATA[]]></system-out>
  <system-err><![CDATA[]]></system-err>
</testsuite>
